<?xml version="1.0" encoding="UTF-8"?>
<testsuite xmlns:xsi="http://www.w3.org/2001/XMLSchema-instance" xsi:noNamespaceSchemaLocation="https://maven.apache.org/surefire/maven-surefire-plugin/xsd/surefire-test-report-3.0.xsd" version="3.0" name="com.example.backend.ProjectControllerTest" time="2.572" tests="3" errors="0" skipped="0" failures="0">
  <properties>
[...]
</properties>
  <testcase name="whenAdminAddsProject_thenSuccess" classname="com.example.backend.ProjectControllerTest" time="0.32">
    <system-out><![CDATA[2026-07-03T11:29:59.615+02:00  INFO 331403 --- [           main] t.c.s.AnnotationConfigContextLoaderUtils : Could not detect default configuration classes for test class [com.example.backend.ProjectControllerTest]: ProjectControllerTest does not declare any static, non-private, non-final, nested classes annotated with @Configuration.
2026-07-03T11:29:59.623+02:00  INFO 331403 --- [           main] .b.t.c.SpringBootTestContextBootstrapper : Found @SpringBootConfiguration com.example.backend.BackendApplication for test class com.example.backend.ProjectControllerTest

  .   ____          _            __ _ _
 /\\ / ___'_ __ _ _(_)_ __  __ _ \ \ \ \
( ( )\___ | '_ | '_| | '_ \/ _` | \ \ \ \
 \\/  ___)| |_)| | | | | || (_| |  ) ) ) )
  '  |____| .__|_| |_|_| |_\__, | / / / /
 =========|_|==============|___/=/_/_/_/

 :: Spring Boot ::               (v3.3.13)

2026-07-03T11:29:59.645+02:00  INFO 331403 --- [           main] c.example.backend.ProjectControllerTest  : Starting ProjectControllerTest using Java 21.0.11 with PID 331403 (started by user in /home/user/razvoj/theater-backend)
2026-07-03T11:29:59.646+02:00  INFO 331403 --- [           main] c.example.backend.ProjectControllerTest  : No active profile set, falling back to 1 default profile: "default"
2026-07-03T11:29:59.907+02:00  INFO 331403 --- [           main] .s.d.r.c.RepositoryConfigurationDelegate : Bootstrapping Spring Data JPA repositories in DEFAULT mode.
2026-07-03T11:29:59.918+02:00  INFO 331403 --- [           main] .s.d.r.c.RepositoryConfigurationDelegate : Finished Spring Data repository scanning in 10 ms. Found 5 JPA repository interfaces.
2026-07-03T11:30:00.507+02:00  INFO 331403 --- [           main] com.zaxxer.hikari.HikariDataSource       : HikariPool-2 - Starting...
2026-07-03T11:30:00.539+02:00  INFO 331403 --- [           main] com.zaxxer.hikari.pool.HikariPool        : HikariPool-2 - Added connection org.postgresql.jdbc.PgConnection@6de7c6bd
2026-07-03T11:30:00.540+02:00  INFO 331403 --- [           main] com.zaxxer.hikari.HikariDataSource       : HikariPool-2 - Start completed.
2026-07-03T11:30:00.544+02:00  INFO 331403 --- [           main] org.flywaydb.core.FlywayExecutor         : Database: jdbc:postgresql://localhost:5432/theater (PostgreSQL 18.3)
2026-07-03T11:30:00.550+02:00  WARN 331403 --- [           main] o.f.c.internal.database.base.Database    : Flyway upgrade recommended: PostgreSQL 18.3 is newer than this version of Flyway and support has not been tested. The latest supported version of PostgreSQL is 17.
2026-07-03T11:30:00.563+02:00  INFO 331403 --- [           main] o.f.core.internal.command.DbValidate     : Successfully validated 2 migrations (execution time 00:00.009s)
2026-07-03T11:30:00.614+02:00  INFO 331403 --- [           main] o.f.core.internal.command.DbMigrate      : Current version of schema "public": 2
2026-07-03T11:30:00.615+02:00  INFO 331403 --- [           main] o.f.core.internal.command.DbMigrate      : Schema "public" is up to date. No migration necessary.
2026-07-03T11:30:00.681+02:00  INFO 331403 --- [           main] o.hibernate.jpa.internal.util.LogHelper  : HHH000204: Processing PersistenceUnitInfo [name: default]
2026-07-03T11:30:00.685+02:00  INFO 331403 --- [           main] o.h.c.internal.RegionFactoryInitiator    : HHH000026: Second-level cache disabled
2026-07-03T11:30:00.699+02:00  INFO 331403 --- [           main] o.s.o.j.p.SpringPersistenceUnitInfo      : No LoadTimeWeaver setup: ignoring JPA class transformer
2026-07-03T11:30:00.849+02:00  INFO 331403 --- [           main] o.h.e.t.j.p.i.JtaPlatformInitiator       : HHH000489: No JTA platform available (set 'hibernate.transaction.jta.platform' to enable JTA platform integration)
2026-07-03T11:30:00.921+02:00  INFO 331403 --- [           main] j.LocalContainerEntityManagerFactoryBean : Initialized JPA EntityManagerFactory for persistence unit 'default'
2026-07-03T11:30:01.097+02:00  INFO 331403 --- [           main] r$InitializeUserDetailsManagerConfigurer : Global AuthenticationManager configured with UserDetailsService bean with name customUserDetailsService
2026-07-03T11:30:01.382+02:00  INFO 331403 --- [           main] o.s.b.a.e.web.EndpointLinksResolver      : Exposing 1 endpoint beneath base path '/actuator'
2026-07-03T11:30:01.671+02:00  INFO 331403 --- [           main] o.s.b.t.m.w.SpringBootMockServletContext : Initializing Spring TestDispatcherServlet ''
2026-07-03T11:30:01.672+02:00  INFO 331403 --- [           main] o.s.t.web.servlet.TestDispatcherServlet  : Initializing Servlet ''
2026-07-03T11:30:01.674+02:00  INFO 331403 --- [           main] o.s.t.web.servlet.TestDispatcherServlet  : Completed initialization in 2 ms
2026-07-03T11:30:01.718+02:00  INFO 331403 --- [           main] c.example.backend.ProjectControllerTest  : Started ProjectControllerTest in 2.091 seconds (process running for 9.21)
Hibernate: insert into project (description,end_date,location_id,start_date,status,title,visible) values (?,?,?,?,?,?,?) returning id
]]></system-out>
  </testcase>
  <testcase name="whenUserAddsProject_thenForbidden" classname="com.example.backend.ProjectControllerTest" time="0.029">
    <system-out><![CDATA[
MockHttpServletRequest:
      HTTP Method = POST
      Request URI = /api/projects
       Parameters = {}
          Headers = [Content-Type:"application/json;charset=UTF-8", Content-Length:"131"]
             Body = {"id":null,"title":"Test Project","description":null,"visible":false,"status":null,"startDate":null,"endDate":null,"location":null}
    Session Attrs = {SPRING_SECURITY_CONTEXT=SecurityContextImpl [Authentication=UsernamePasswordAuthenticationToken [Principal=org.springframework.security.core.userdetails.User [Username=user, Password=[PROTECTED], Enabled=true, AccountNonExpired=true, CredentialsNonExpired=true, AccountNonLocked=true, Granted Authorities=[ROLE_USER]], Credentials=[PROTECTED], Authenticated=true, Details=null, Granted Authorities=[ROLE_USER]]]}

Handler:
             Type = com.example.backend.controller.ProjectController
           Method = com.example.backend.controller.ProjectController#create(Project)

Async:
    Async started = false
     Async result = null

Resolved Exception:
             Type = org.springframework.security.authorization.AuthorizationDeniedException

ModelAndView:
        View name = null
             View = null
            Model = null

FlashMap:
       Attributes = null

MockHttpServletResponse:
           Status = 403
    Error message = null
          Headers = [Content-Type:"application/json", X-Content-Type-Options:"nosniff", X-XSS-Protection:"0", Cache-Control:"no-cache, no-store, max-age=0, must-revalidate", Pragma:"no-cache", Expires:"0", X-Frame-Options:"DENY"]
     Content type = application/json
             Body = {"message":"Access Denied"}
    Forwarded URL = null
   Redirected URL = null
          Cookies = []
]]></system-out>
  </testcase>
  <testcase name="whenAdminGetsAllProjects_thenSeesAll" classname="com.example.backend.ProjectControllerTest" time="0.103">
    <system-out><![CDATA[Admin fetching all projects
Hibernate: select p1_0.id,p1_0.description,p1_0.end_date,p1_0.location_id,p1_0.start_date,p1_0.status,p1_0.title,p1_0.visible from project p1_0
Hibernate: select l1_0.id,l1_0.address,l1_0.city,l1_0.country,l1_0.description from location l1_0 where l1_0.id=?
Hibernate: select l1_0.id,l1_0.address,l1_0.city,l1_0.country,l1_0.description from location l1_0 where l1_0.id=?
Hibernate: select l1_0.id,l1_0.address,l1_0.city,l1_0.country,l1_0.description from location l1_0 where l1_0.id=?
]]></system-out>
  </testcase>
</testsuite>